??:??:?? **** Incremental Build of configuration Debug for project INTERFACE ****
make all 
Building file: ../interface.c
Invoking: AVR Compiler
avr-gcc -Wall -g2 -gstabs -O0 -fpack-struct -fshort-enums -ffunction-sections -fdata-sections -std=gnu99 -funsigned-char -funsigned-bitfields -mmcu=atmega16 -DF_CPU=8000000UL -MMD -MP -MF"interface.d" -MT"interface.o" -c -o "interface.o" "../interface.c"
In file included from ../interface.c:15:
c:/winavr-20100110/lib/gcc/../../avr/include/util/delay.h:90:3: warning: #warning "Compiler optimizations disabled; functions from <util/delay.h> won't work as designed"
Finished building: ../interface.c
 
Building target: INTERFACE.elf
Invoking: AVR C Linker
avr-gcc -Wl,-Map,INTERFACE.map -mmcu=atmega16 -o "INTERFACE.elf"  ./gpio.o ./interface.o ./keypad.o ./lcd.o ./timer0.o ./uart.o   
Finished building target: INTERFACE.elf
 
Invoking: AVR Create Extended Listing
avr-objdump -h -S INTERFACE.elf  >"INTERFACE.lss"
Finished building: INTERFACE.lss
 
Invoking: Print Size
avr-size --format=avr --mcu=atmega16 INTERFACE.elf
AVR Memory Usage
----------------
Device: atmega16

Program:   12886 bytes (78.6% Full)
(.text + .data + .bootloader)

Data:        176 bytes (17.2% Full)
(.data + .bss + .noinit)


Finished building: sizedummy
 

??:??:?? Build Finished. 0 errors, 1 warnings. (took 692ms)

